<?xml version="1.0" encoding="UTF-8"?>
<testsuite xmlns:xsi="http://www.w3.org/2001/XMLSchema-instance" xsi:noNamespaceSchemaLocation="https://maven.apache.org/surefire/maven-surefire-plugin/xsd/surefire-test-report-3.0.xsd" version="3.0" name="org.emp.gl.core.launcher.AppTest" time="0.139" tests="8" errors="0" skipped="0" failures="0">
  <properties>
[...]
</properties>
  <testcase name="testCreationHorloge" classname="org.emp.gl.core.launcher.AppTest" time="0.038">
    <system-out><![CDATA[📋 Annuaire Lookup initialisé
]]></system-out>
    <system-err><![CDATA[⚠️  Service non trouvé dans l'annuaire : TimerService
⚠️  Horloge 'Test' : TimerService non disponible!
]]></system-err>
  </testcase>
  <testcase name="testCreationTimerService" classname="org.emp.gl.core.launcher.AppTest" time="0.0"/>
  <testcase name="shouldAnswerWithTrue" classname="org.emp.gl.core.launcher.AppTest" time="0.0"/>
  <testcase name="testPlusieursHorloges" classname="org.emp.gl.core.launcher.AppTest" time="0.004">
    <system-out><![CDATA[H1 affiche 00:00:00
H2 affiche 00:00:00
H3 affiche 00:00:00
]]></system-out>
    <system-err><![CDATA[⚠️  Service non trouvé dans l'annuaire : TimerService
⚠️  Horloge 'H1' : TimerService non disponible!
⚠️  Service non trouvé dans l'annuaire : TimerService
⚠️  Horloge 'H2' : TimerService non disponible!
⚠️  Service non trouvé dans l'annuaire : TimerService
⚠️  Horloge 'H3' : TimerService non disponible!
]]></system-err>
  </testcase>
  <testcase name="testChangementService" classname="org.emp.gl.core.launcher.AppTest" time="0.004">
    <system-out><![CDATA[Test affiche 00:00:00
]]></system-out>
    <system-err><![CDATA[⚠️  Service non trouvé dans l'annuaire : TimerService
⚠️  Horloge 'Test' : TimerService non disponible!
]]></system-err>
  </testcase>
  <testcase name="testTimerServiceGetters" classname="org.emp.gl.core.launcher.AppTest" time="0.0"/>
  <testcase name="testAffichageSansService" classname="org.emp.gl.core.launcher.AppTest" time="0.005">
    <system-out><![CDATA[Test : Service de temps non disponible
]]></system-out>
    <system-err><![CDATA[⚠️  Service non trouvé dans l'annuaire : TimerService
⚠️  Horloge 'Test' : TimerService non disponible!
]]></system-err>
  </testcase>
  <testcase name="testConnexionHorlogeService" classname="org.emp.gl.core.launcher.AppTest" time="0.007">
    <system-out><![CDATA[Test affiche 00:00:00
]]></system-out>
    <system-err><![CDATA[⚠️  Service non trouvé dans l'annuaire : TimerService
⚠️  Horloge 'Test' : TimerService non disponible!
]]></system-err>
  </testcase>
</testsuite>